\BOOKMARK [1][-]{section.1}{Introduction}{}% 1
\BOOKMARK [1][-]{section.2}{Architecture Requirements}{}% 2
\BOOKMARK [2][-]{subsection.2.1}{Architectural Scope}{section.2}% 3
\BOOKMARK [2][-]{subsection.2.2}{Quality Requirements}{section.2}% 4
\BOOKMARK [3][-]{subsubsection.2.2.1}{Critical:}{subsection.2.2}% 5
\BOOKMARK [3][-]{subsubsection.2.2.2}{Important:}{subsection.2.2}% 6
\BOOKMARK [3][-]{subsubsection.2.2.3}{Nice to have:}{subsection.2.2}% 7
\BOOKMARK [2][-]{subsection.2.3}{Architectural Constraints}{section.2}% 8
\BOOKMARK [1][-]{section.3}{Architectural patterns or styles}{}% 9
\BOOKMARK [2][-]{subsection.3.1}{Layered Architectural Style}{section.3}% 10
\BOOKMARK [1][-]{section.4}{Architectural tactics or strategies}{}% 11
\BOOKMARK [2][-]{subsection.4.1}{Fault Detection}{section.4}% 12
\BOOKMARK [3][-]{subsubsection.4.1.1}{Ping / Echo}{subsection.4.1}% 13
\BOOKMARK [3][-]{subsubsection.4.1.2}{ Exception Detection }{subsection.4.1}% 14
\BOOKMARK [2][-]{subsection.4.2}{Fault Recovery}{section.4}% 15
\BOOKMARK [3][-]{subsubsection.4.2.1}{Rollback}{subsection.4.2}% 16
\BOOKMARK [2][-]{subsection.4.3}{Fault Prevention}{section.4}% 17
\BOOKMARK [2][-]{subsection.4.4}{Optimization}{section.4}% 18
\BOOKMARK [1][-]{section.5}{Use of reference architectures and frameworks}{}% 19
\BOOKMARK [2][-]{subsection.5.1}{Referenced Architectures}{section.5}% 20
\BOOKMARK [2][-]{subsection.5.2}{Referenced Frameworks}{section.5}% 21
\BOOKMARK [1][-]{section.6}{Access and integration channels}{}% 22
\BOOKMARK [2][-]{subsubsection.6.0.1}{Human access channels}{section.6}% 23
\BOOKMARK [3][-]{subsubsection.6.0.2}{System access channels}{subsubsection.6.0.1}% 24
\BOOKMARK [2][-]{subsection.6.1}{Integration Channel Used}{section.6}% 25
\BOOKMARK [3][-]{subsubsection.6.1.1}{REST - Representational State Transfer}{subsection.6.1}% 26
\BOOKMARK [2][-]{subsection.6.2}{Protocols}{section.6}% 27
\BOOKMARK [3][-]{subsubsection.6.2.1}{HTTP - Hypertext Transfer Protocol}{subsection.6.2}% 28
\BOOKMARK [3][-]{subsubsection.6.2.2}{IP - Internet Protocol}{subsection.6.2}% 29
\BOOKMARK [3][-]{subsubsection.6.2.3}{SMTP - Simple Mail Transfer Protocol}{subsection.6.2}% 30
\BOOKMARK [3][-]{subsubsection.6.2.4}{TSL - Transport Layer Security}{subsection.6.2}% 31
\BOOKMARK [1][-]{section.7}{Technologies}{}% 32
\BOOKMARK [2][-]{subsection.7.1}{Programming technologies}{section.7}% 33
\BOOKMARK [3][-]{subsubsection.7.1.1}{Java EE}{subsection.7.1}% 34
\BOOKMARK [3][-]{subsubsection.7.1.2}{JSF - Java Server Faces}{subsection.7.1}% 35
\BOOKMARK [3][-]{subsubsection.7.1.3}{JPA - Java Persistence API}{subsection.7.1}% 36
\BOOKMARK [3][-]{subsubsection.7.1.4}{JPQL - Java Persistence Query Language}{subsection.7.1}% 37
\BOOKMARK [3][-]{subsubsection.7.1.5}{Maven}{subsection.7.1}% 38
\BOOKMARK [3][-]{subsubsection.7.1.6}{JUnit}{subsection.7.1}% 39
\BOOKMARK [3][-]{subsubsection.7.1.7}{AJAX - Asynchronous JavaScript and XML}{subsection.7.1}% 40
\BOOKMARK [2][-]{subsection.7.2}{Web technologies}{section.7}% 41
\BOOKMARK [3][-]{subsubsection.7.2.1}{HTML - Hypertext Mark-up Language/XHTML - eXtensible Hypertext Mark-up Language}{subsection.7.2}% 42
\BOOKMARK [3][-]{subsubsection.7.2.2}{CSS - Cascading Style Sheet}{subsection.7.2}% 43
